2025-12-22T21:51:24.542Z: 1
2025-12-22T21:51:32.689Z: 14
2025-12-22T21:51:41.154Z: 14
2025-12-22T21:51:47.069Z: 57
2025-12-22T21:51:52.249Z: 18
2025-12-22T21:51:57.910Z: 10
2025-12-22T21:52:02.311Z: 1
2025-12-22T21:52:06.737Z: 11
2025-12-22T21:52:12.877Z: 40
2025-12-22T21:52:18.087Z: 15
2025-12-22T21:52:23.761Z: 21
2025-12-22T21:52:30.379Z: 11
2025-12-22T21:52:35.449Z: 58
2025-12-22T21:52:40.782Z: 15
2025-12-22T21:52:45.180Z: 42
2025-12-22T21:52:50.349Z: 48
2025-12-22T21:52:55.647Z: 5
2025-12-22T21:53:00.717Z: 21
2025-12-22T21:53:06.393Z: 57
2025-12-22T21:53:10.841Z: 48
2025-12-22T21:53:15.314Z: 46
2025-12-22T21:53:19.749Z: 63
2025-12-22T21:53:24.197Z: 57
2025-12-22T21:53:29.867Z: 54
2025-12-22T21:53:34.243Z: 44
2025-12-22T21:53:38.600Z: 45
2025-12-22T21:53:42.967Z: 45
2025-12-22T21:53:47.387Z: 16
2025-12-22T21:53:51.976Z: 2
2025-12-22T21:53:56.403Z: 52
2025-12-22T21:54:00.788Z: 61
2025-12-22T21:54:05.441Z: 49
2025-12-22T21:54:09.929Z: 46
2025-12-22T21:54:14.312Z: 64
2025-12-22T21:54:18.685Z: 8
2025-12-22T21:55:59.701Z: 62
2025-12-22T21:56:05.943Z: 59
2025-12-22T21:56:11.121Z: 54
2025-12-22T21:56:16.917Z: 23
2025-12-22T21:56:21.304Z: 35
2025-12-22T21:56:25.862Z: 28
2025-12-22T21:56:30.244Z: 58
2025-12-22T21:56:37.326Z: 5
2025-12-22T21:56:41.731Z: 54
2025-12-22T21:56:46.285Z: 8
2025-12-22T21:56:50.644Z: 42
2025-12-22T21:56:55.005Z: 1
2025-12-22T21:59:37.115Z: 13
2025-12-22T21:59:43.680Z: 1
2025-12-22T22:01:25.923Z: 42
2025-12-22T22:01:30.370Z: 32
2025-12-22T22:10:41.657Z: 35
2025-12-22T22:10:52.111Z: 18
2025-12-22T22:10:57.822Z: 64
2025-12-22T22:11:07.235Z: 30
2025-12-22T22:11:13.651Z: 29
2025-12-22T22:11:19.363Z: 50
2025-12-22T22:11:27.876Z: 57
2025-12-22T22:11:33.994Z: 64
2025-12-22T22:11:47.710Z: 28
2025-12-22T22:11:52.793Z: 20
2025-12-22T22:11:57.922Z: 17
